State 13 conflicts: 2 shift/reduce


Grammar

    0 $accept: prompt $end

    1 prompt: exp '\n'
    2       | prompt exp '\n'
    3       | error '\n'

    4 exp: exp '+' exp
    5    | exp '*' exp
    6    | IDENT
    7    | NUMBER
    8    | IDENT '=' exp


Terminals, with rules where they appear

$end (0) 0
'\n' (10) 1 2 3
'*' (42) 5
'+' (43) 4
'=' (61) 8
error (256) 3
IDENT (258) 6 8
NUMBER (259) 7


Nonterminals, with rules where they appear

$accept (9)
    on left: 0
prompt (10)
    on left: 1 2 3, on right: 0 2
exp (11)
    on left: 4 5 6 7 8, on right: 1 2 4 5 8


State 0

    0 $accept: . prompt $end

    error   shift, and go to state 1
    IDENT   shift, and go to state 2
    NUMBER  shift, and go to state 3

    prompt  go to state 4
    exp     go to state 5


State 1

    3 prompt: error . '\n'

    '\n'  shift, and go to state 6


State 2

    6 exp: IDENT .
    8    | IDENT . '=' exp

    '='  shift, and go to state 7

    $default  reduce using rule 6 (exp)


State 3

    7 exp: NUMBER .

    $default  reduce using rule 7 (exp)


State 4

    0 $accept: prompt . $end
    2 prompt: prompt . exp '\n'

    $end    shift, and go to state 8
    IDENT   shift, and go to state 2
    NUMBER  shift, and go to state 3

    exp  go to state 9


State 5

    1 prompt: exp . '\n'
    4 exp: exp . '+' exp
    5    | exp . '*' exp

    '+'   shift, and go to state 10
    '*'   shift, and go to state 11
    '\n'  shift, and go to state 12


State 6

    3 prompt: error '\n' .

    $default  reduce using rule 3 (prompt)


State 7

    8 exp: IDENT '=' . exp

    IDENT   shift, and go to state 2
    NUMBER  shift, and go to state 3

    exp  go to state 13


State 8

    0 $accept: prompt $end .

    $default  accept


State 9

    2 prompt: prompt exp . '\n'
    4 exp: exp . '+' exp
    5    | exp . '*' exp

    '+'   shift, and go to state 10
    '*'   shift, and go to state 11
    '\n'  shift, and go to state 14


State 10

    4 exp: exp '+' . exp

    IDENT   shift, and go to state 2
    NUMBER  shift, and go to state 3

    exp  go to state 15


State 11

    5 exp: exp '*' . exp

    IDENT   shift, and go to state 2
    NUMBER  shift, and go to state 3

    exp  go to state 16


State 12

    1 prompt: exp '\n' .

    $default  reduce using rule 1 (prompt)


State 13

    4 exp: exp . '+' exp
    5    | exp . '*' exp
    8    | IDENT '=' exp .

    '+'  shift, and go to state 10
    '*'  shift, and go to state 11

    '+'       [reduce using rule 8 (exp)]
    '*'       [reduce using rule 8 (exp)]
    $default  reduce using rule 8 (exp)


State 14

    2 prompt: prompt exp '\n' .

    $default  reduce using rule 2 (prompt)


State 15

    4 exp: exp . '+' exp
    4    | exp '+' exp .
    5    | exp . '*' exp

    '*'  shift, and go to state 11

    $default  reduce using rule 4 (exp)


State 16

    4 exp: exp . '+' exp
    5    | exp . '*' exp
    5    | exp '*' exp .

    $default  reduce using rule 5 (exp)
